companion/android/app/build/intermediates/manifest_merge_blame_file/debug/processDebugMainManifest/manifest-merger-blame-debug-report.txt
1<?xml version="1.0" encoding="utf-8"?>
2<manifest xmlns:android="http://schemas.android.com/apk/res/android"
3    package="com.example.plantcompanion"
4    android:versionCode="1"
5    android:versionName="1.0.0" >
6
7    <uses-sdk
8        android:minSdkVersion="24"
9        android:targetSdkVersion="36" />
10
11    <uses-permission android:name="android.permission.SYSTEM_ALERT_WINDOW" />
11-->src/main/AndroidManifest.xml:6:3-75
11-->src/main/AndroidManifest.xml:6:20-73
12    <uses-permission android:name="android.permission.ACCESS_COARSE_LOCATION" />
12-->src/main/AndroidManifest.xml:2:3-78
12-->src/main/AndroidManifest.xml:2:20-76
13    <uses-permission android:name="android.permission.ACCESS_FINE_LOCATION" />
13-->src/main/AndroidManifest.xml:3:3-76
13-->src/main/AndroidManifest.xml:3:20-74
14    <uses-permission android:name="android.permission.INTERNET" />
14-->src/main/AndroidManifest.xml:4:3-64
14-->src/main/AndroidManifest.xml:4:20-62
15    <uses-permission
15-->src/main/AndroidManifest.xml:5:3-77
16        android:name="android.permission.READ_EXTERNAL_STORAGE"
16-->src/main/AndroidManifest.xml:5:20-75
17        android:maxSdkVersion="32" />
17-->[BareExpo:expo.modules.image:3.0.10] AndroidManifest.xml:17:9-35
18    <uses-permission android:name="android.permission.VIBRATE" />
18-->src/main/AndroidManifest.xml:7:3-63
18-->src/main/AndroidManifest.xml:7:20-61
19    <uses-permission android:name="android.permission.WRITE_EXTERNAL_STORAGE" />
19-->src/main/AndroidManifest.xml:8:3-78
19-->src/main/AndroidManifest.xml:8:20-76
20
21    <queries>
21-->src/main/AndroidManifest.xml:9:3-15:13
22        <intent>
22-->src/main/AndroidManifest.xml:10:5-14:14
23            <action android:name="android.intent.action.VIEW" />
23-->src/main/AndroidManifest.xml:11:7-58
23-->src/main/AndroidManifest.xml:11:15-56
24
25            <category android:name="android.intent.category.BROWSABLE" />
25-->src/main/AndroidManifest.xml:12:7-67
25-->src/main/AndroidManifest.xml:12:17-65
26
27            <data android:scheme="https" />
27-->src/main/AndroidManifest.xml:13:7-37
27-->src/main/AndroidManifest.xml:13:13-35
28        </intent>
29
30        <package android:name="host.exp.exponent" /> <!-- Query open documents -->
30-->[:expo-dev-launcher] AndroidManifest.xml:8:9-53
30-->[:expo-dev-launcher] AndroidManifest.xml:8:18-50
31        <intent>
31-->[host.exp.exponent:expo.modules.filesystem:19.0.17] AndroidManifest.xml:15:9-17:18
32            <action android:name="android.intent.action.OPEN_DOCUMENT_TREE" />
32-->[host.exp.exponent:expo.modules.filesystem:19.0.17] AndroidManifest.xml:16:13-79
32-->[host.exp.exponent:expo.modules.filesystem:19.0.17] AndroidManifest.xml:16:21-76
33        </intent>
34        <intent>
34-->[host.exp.exponent:expo.modules.imagepicker:17.0.10] AndroidManifest.xml:15:9-19:18
35
36            <!-- Required for picking images from the camera roll if targeting API 30 -->
37            <action android:name="android.media.action.IMAGE_CAPTURE" />
37-->[host.exp.exponent:expo.modules.imagepicker:17.0.10] AndroidManifest.xml:18:13-73
37-->[host.exp.exponent:expo.modules.imagepicker:17.0.10] AndroidManifest.xml:18:21-70
38        </intent>
39        <intent>
39-->[host.exp.exponent:expo.modules.imagepicker:17.0.10] AndroidManifest.xml:20:9-24:18
40
41            <!-- Required for picking images from the camera if targeting API 30 -->
42            <action android:name="android.media.action.ACTION_VIDEO_CAPTURE" />
42-->[host.exp.exponent:expo.modules.imagepicker:17.0.10] AndroidManifest.xml:23:13-80
42-->[host.exp.exponent:expo.modules.imagepicker:17.0.10] AndroidManifest.xml:23:21-77
43        </intent>
44        <intent>
44-->[host.exp.exponent:expo.modules.webbrowser:15.0.9] AndroidManifest.xml:8:9-12:18
45
46            <!-- Required for opening tabs if targeting API 30 -->
47            <action android:name="android.support.customtabs.action.CustomTabsService" />
47-->[host.exp.exponent:expo.modules.webbrowser:15.0.9] AndroidManifest.xml:11:13-90
47-->[host.exp.exponent:expo.modules.webbrowser:15.0.9] AndroidManifest.xml:11:21-87
48        </intent>
49        <intent>
49-->[com.vanniktech:android-image-cropper:4.6.0] AndroidManifest.xml:8:9-14:18
50            <action android:name="android.intent.action.GET_CONTENT" />
50-->[com.vanniktech:android-image-cropper:4.6.0] AndroidManifest.xml:9:13-72
50-->[com.vanniktech:android-image-cropper:4.6.0] AndroidManifest.xml:9:21-69
51
52            <category android:name="android.intent.category.OPENABLE" />
52-->[com.vanniktech:android-image-cropper:4.6.0] AndroidManifest.xml:11:13-73
52-->[com.vanniktech:android-image-cropper:4.6.0] AndroidManifest.xml:11:23-70
53
54            <data android:mimeType="*/*" />
54-->src/main/AndroidManifest.xml:13:7-37
55        </intent>
56    </queries>
57
58    <uses-permission android:name="android.permission.CHANGE_WIFI_STATE" />
58-->[:react-native-wifi-reborn] AndroidManifest.xml:8:5-76
58-->[:react-native-wifi-reborn] AndroidManifest.xml:8:22-73
59    <uses-permission android:name="android.permission.ACCESS_WIFI_STATE" />
59-->[:react-native-wifi-reborn] AndroidManifest.xml:9:5-76
59-->[:react-native-wifi-reborn] AndroidManifest.xml:9:22-73
60    <uses-permission android:name="android.permission.CHANGE_NETWORK_STATE" />
60-->[:react-native-wifi-reborn] AndroidManifest.xml:10:5-79
60-->[:react-native-wifi-reborn] AndroidManifest.xml:10:22-76
61    <uses-permission android:name="android.permission.ACCESS_NETWORK_STATE" /> <!-- Required for picking images from camera directly -->
61-->[:react-native-wifi-reborn] AndroidManifest.xml:11:5-79
61-->[:react-native-wifi-reborn] AndroidManifest.xml:11:22-76
62    <uses-permission android:name="android.permission.CAMERA" />
62-->[host.exp.exponent:expo.modules.imagepicker:17.0.10] AndroidManifest.xml:8:5-65
62-->[host.exp.exponent:expo.modules.imagepicker:17.0.10] AndroidManifest.xml:8:22-62
63    <uses-permission android:name="android.permission.RECEIVE_BOOT_COMPLETED" />
63-->[host.exp.exponent:expo.modules.notifications:0.32.15] AndroidManifest.xml:7:5-81
63-->[host.exp.exponent:expo.modules.notifications:0.32.15] AndroidManifest.xml:7:22-78
64    <uses-permission android:name="android.permission.POST_NOTIFICATIONS" />
64-->[host.exp.exponent:expo.modules.notifications:0.32.15] AndroidManifest.xml:8:5-77
64-->[host.exp.exponent:expo.modules.notifications:0.32.15] AndroidManifest.xml:8:22-74
65    <uses-permission android:name="android.permission.WAKE_LOCK" /> <!-- Required by older versions of Google Play services to create IID tokens -->
65-->[com.google.firebase:firebase-messaging:24.0.1] AndroidManifest.xml:24:5-68
65-->[com.google.firebase:firebase-messaging:24.0.1] AndroidManifest.xml:24:22-65
66    <uses-permission android:name="com.google.android.c2dm.permission.RECEIVE" />
66-->[com.google.firebase:firebase-messaging:24.0.1] AndroidManifest.xml:26:5-82
66-->[com.google.firebase:firebase-messaging:24.0.1] AndroidManifest.xml:26:22-79
67
68    <permission
68-->[androidx.core:core:1.16.0] AndroidManifest.xml:22:5-24:47
69        android:name="com.example.plantcompanion.DYNAMIC_RECEIVER_NOT_EXPORTED_PERMISSION"
69-->[androidx.core:core:1.16.0] AndroidManifest.xml:23:9-81
70        android:protectionLevel="signature" />
70-->[androidx.core:core:1.16.0] AndroidManifest.xml:24:9-44
71
72    <uses-permission android:name="com.example.plantcompanion.DYNAMIC_RECEIVER_NOT_EXPORTED_PERMISSION" />
72-->[androidx.core:core:1.16.0] AndroidManifest.xml:26:5-97
72-->[androidx.core:core:1.16.0] AndroidManifest.xml:26:22-94
73    <uses-permission android:name="com.google.android.finsky.permission.BIND_GET_INSTALL_REFERRER_SERVICE" /> <!-- for android -->
73-->[com.android.installreferrer:installreferrer:2.2] AndroidManifest.xml:9:5-110
73-->[com.android.installreferrer:installreferrer:2.2] AndroidManifest.xml:9:22-107
74    <!-- <uses-permission android:name="com.android.launcher.permission.READ_SETTINGS"/> -->
75    <!-- <uses-permission android:name="com.android.launcher.permission.WRITE_SETTINGS"/> -->
76    <!-- <uses-permission android:name="com.android.launcher.permission.INSTALL_SHORTCUT" /> -->
77    <!-- <uses-permission android:name="com.android.launcher.permission.UNINSTALL_SHORTCUT" /> -->
78    <!-- for Samsung -->
79    <uses-permission android:name="com.sec.android.provider.badge.permission.READ" />
79-->[me.leolin:ShortcutBadger:1.1.22] AndroidManifest.xml:19:5-86
79-->[me.leolin:ShortcutBadger:1.1.22] AndroidManifest.xml:19:22-83
80    <uses-permission android:name="com.sec.android.provider.badge.permission.WRITE" /> <!-- for htc -->
80-->[me.leolin:ShortcutBadger:1.1.22] AndroidManifest.xml:20:5-87
80-->[me.leolin:ShortcutBadger:1.1.22] AndroidManifest.xml:20:22-84
81    <uses-permission android:name="com.htc.launcher.permission.READ_SETTINGS" />
81-->[me.leolin:ShortcutBadger:1.1.22] AndroidManifest.xml:23:5-81
81-->[me.leolin:ShortcutBadger:1.1.22] AndroidManifest.xml:23:22-78
82    <uses-permission android:name="com.htc.launcher.permission.UPDATE_SHORTCUT" /> <!-- for sony -->
82-->[me.leolin:ShortcutBadger:1.1.22] AndroidManifest.xml:24:5-83
82-->[me.leolin:ShortcutBadger:1.1.22] AndroidManifest.xml:24:22-80
83    <uses-permission android:name="com.sonyericsson.home.permission.BROADCAST_BADGE" />
83-->[me.leolin:ShortcutBadger:1.1.22] AndroidManifest.xml:27:5-88
83-->[me.leolin:ShortcutBadger:1.1.22] AndroidManifest.xml:27:22-85
84    <uses-permission android:name="com.sonymobile.home.permission.PROVIDER_INSERT_BADGE" /> <!-- for apex -->
84-->[me.leolin:ShortcutBadger:1.1.22] AndroidManifest.xml:28:5-92
84-->[me.leolin:ShortcutBadger:1.1.22] AndroidManifest.xml:28:22-89
85    <uses-permission android:name="com.anddoes.launcher.permission.UPDATE_COUNT" /> <!-- for solid -->
85-->[me.leolin:ShortcutBadger:1.1.22] AndroidManifest.xml:31:5-84
85-->[me.leolin:ShortcutBadger:1.1.22] AndroidManifest.xml:31:22-81
86    <uses-permission android:name="com.majeur.launcher.permission.UPDATE_BADGE" /> <!-- for huawei -->
86-->[me.leolin:ShortcutBadger:1.1.22] AndroidManifest.xml:34:5-83
86-->[me.leolin:ShortcutBadger:1.1.22] AndroidManifest.xml:34:22-80
87    <uses-permission android:name="com.huawei.android.launcher.permission.CHANGE_BADGE" />
87-->[me.leolin:ShortcutBadger:1.1.22] AndroidManifest.xml:37:5-91
87-->[me.leolin:ShortcutBadger:1.1.22] AndroidManifest.xml:37:22-88
88    <uses-permission android:name="com.huawei.android.launcher.permission.READ_SETTINGS" />
88-->[me.leolin:ShortcutBadger:1.1.22] AndroidManifest.xml:38:5-92
88-->[me.leolin:ShortcutBadger:1.1.22] AndroidManifest.xml:38:22-89
89    <uses-permission android:name="com.huawei.android.launcher.permission.WRITE_SETTINGS" /> <!-- for ZUK -->
89-->[me.leolin:ShortcutBadger:1.1.22] AndroidManifest.xml:39:5-93
89-->[me.leolin:ShortcutBadger:1.1.22] AndroidManifest.xml:39:22-90
90    <uses-permission android:name="android.permission.READ_APP_BADGE" /> <!-- for OPPO -->
90-->[me.leolin:ShortcutBadger:1.1.22] AndroidManifest.xml:42:5-73
90-->[me.leolin:ShortcutBadger:1.1.22] AndroidManifest.xml:42:22-70
91    <uses-permission android:name="com.oppo.launcher.permission.READ_SETTINGS" />
91-->[me.leolin:ShortcutBadger:1.1.22] AndroidManifest.xml:45:5-82
91-->[me.leolin:ShortcutBadger:1.1.22] AndroidManifest.xml:45:22-79
92    <uses-permission android:name="com.oppo.launcher.permission.WRITE_SETTINGS" /> <!-- for EvMe -->
92-->[me.leolin:ShortcutBadger:1.1.22] AndroidManifest.xml:46:5-83
92-->[me.leolin:ShortcutBadger:1.1.22] AndroidManifest.xml:46:22-80
93    <uses-permission android:name="me.everything.badger.permission.BADGE_COUNT_READ" />
93-->[me.leolin:ShortcutBadger:1.1.22] AndroidManifest.xml:49:5-88
93-->[me.leolin:ShortcutBadger:1.1.22] AndroidManifest.xml:49:22-85
94    <uses-permission android:name="me.everything.badger.permission.BADGE_COUNT_WRITE" />
94-->[me.leolin:ShortcutBadger:1.1.22] AndroidManifest.xml:50:5-89
94-->[me.leolin:ShortcutBadger:1.1.22] AndroidManifest.xml:50:22-86
95
96    <application
96-->src/main/AndroidManifest.xml:16:3-33:17
97        android:name="com.example.plantcompanion.MainApplication"
97-->src/main/AndroidManifest.xml:16:16-47
98        android:allowBackup="true"
98-->src/main/AndroidManifest.xml:16:162-188
99        android:appComponentFactory="androidx.core.app.CoreComponentFactory"
99-->[androidx.core:core:1.16.0] AndroidManifest.xml:28:18-86
100        android:debuggable="true"
101        android:enableOnBackInvokedCallback="false"
101-->src/main/AndroidManifest.xml:16:248-291
102        android:extractNativeLibs="false"
103        android:icon="@mipmap/ic_launcher"
103-->src/main/AndroidManifest.xml:16:81-115
104        android:label="@string/app_name"
104-->src/main/AndroidManifest.xml:16:48-80
105        android:roundIcon="@mipmap/ic_launcher_round"
105-->src/main/AndroidManifest.xml:16:116-161
106        android:supportsRtl="true"
106-->src/main/AndroidManifest.xml:16:221-247
107        android:theme="@style/AppTheme"
107-->src/main/AndroidManifest.xml:16:189-220
108        android:usesCleartextTraffic="true" >
108-->src/debug/AndroidManifest.xml:6:18-53
109        <meta-data
109-->src/main/AndroidManifest.xml:17:5-83
110            android:name="expo.modules.updates.ENABLED"
110-->src/main/AndroidManifest.xml:17:16-59
111            android:value="false" />
111-->src/main/AndroidManifest.xml:17:60-81
112        <meta-data
112-->src/main/AndroidManifest.xml:18:5-105
113            android:name="expo.modules.updates.EXPO_UPDATES_CHECK_ON_LAUNCH"
113-->src/main/AndroidManifest.xml:18:16-80
114            android:value="ALWAYS" />
114-->src/main/AndroidManifest.xml:18:81-103
115        <meta-data
115-->src/main/AndroidManifest.xml:19:5-99
116            android:name="expo.modules.updates.EXPO_UPDATES_LAUNCH_WAIT_MS"
116-->src/main/AndroidManifest.xml:19:16-79
117            android:value="0" />
117-->src/main/AndroidManifest.xml:19:80-97
118
119        <activity
119-->src/main/AndroidManifest.xml:20:5-32:16
120            android:name="com.example.plantcompanion.MainActivity"
120-->src/main/AndroidManifest.xml:20:15-43
121            android:configChanges="keyboard|keyboardHidden|orientation|screenSize|screenLayout|uiMode"
121-->src/main/AndroidManifest.xml:20:44-134
122            android:exported="true"
122-->src/main/AndroidManifest.xml:20:256-279
123            android:launchMode="singleTask"
123-->src/main/AndroidManifest.xml:20:135-166
124            android:screenOrientation="portrait"
124-->src/main/AndroidManifest.xml:20:280-316
125            android:theme="@style/Theme.App.SplashScreen"
125-->src/main/AndroidManifest.xml:20:210-255
126            android:windowSoftInputMode="adjustResize" >
126-->src/main/AndroidManifest.xml:20:167-209
127            <intent-filter>
127-->src/main/AndroidManifest.xml:21:7-24:23
128                <action android:name="android.intent.action.MAIN" />
128-->src/main/AndroidManifest.xml:22:9-60
128-->src/main/AndroidManifest.xml:22:17-58
129
130                <category android:name="android.intent.category.LAUNCHER" />
130-->src/main/AndroidManifest.xml:23:9-68
130-->src/main/AndroidManifest.xml:23:19-66
131            </intent-filter>
132            <intent-filter>
132-->src/main/AndroidManifest.xml:25:7-31:23
133                <action android:name="android.intent.action.VIEW" />
133-->src/main/AndroidManifest.xml:11:7-58
133-->src/main/AndroidManifest.xml:11:15-56
134
135                <category android:name="android.intent.category.DEFAULT" />
135-->src/main/AndroidManifest.xml:27:9-67
135-->src/main/AndroidManifest.xml:27:19-65
136                <category android:name="android.intent.category.BROWSABLE" />
136-->src/main/AndroidManifest.xml:12:7-67
136-->src/main/AndroidManifest.xml:12:17-65
137
138                <data android:scheme="plantcompanion" />
138-->src/main/AndroidManifest.xml:13:7-37
138-->src/main/AndroidManifest.xml:13:13-35
139                <data android:scheme="exp+plant-companion" />
139-->src/main/AndroidManifest.xml:13:7-37
139-->src/main/AndroidManifest.xml:13:13-35
140            </intent-filter>
141        </activity>
142        <activity
142-->[:expo-dev-launcher] AndroidManifest.xml:12:9-16:75
143            android:name="expo.modules.devlauncher.launcher.DevLauncherActivity"
143-->[:expo-dev-launcher] AndroidManifest.xml:13:13-81
144            android:exported="true"
144-->[:expo-dev-launcher] AndroidManifest.xml:14:13-36
145            android:launchMode="singleTask"
145-->[:expo-dev-launcher] AndroidManifest.xml:15:13-44
146            android:theme="@style/Theme.AppCompat.DayNight.NoActionBar" />
146-->[:expo-dev-launcher] AndroidManifest.xml:16:13-72
147        <activity
147-->[:expo-dev-launcher] AndroidManifest.xml:17:9-30:20
148            android:name="expo.modules.devlauncher.compose.AuthActivity"
148-->[:expo-dev-launcher] AndroidManifest.xml:18:13-73
149            android:exported="true"
149-->[:expo-dev-launcher] AndroidManifest.xml:19:13-36
150            android:launchMode="singleTask"
150-->[:expo-dev-launcher] AndroidManifest.xml:20:13-44
151            android:theme="@style/Theme.AppCompat.DayNight.NoActionBar" >
151-->[:expo-dev-launcher] AndroidManifest.xml:21:13-72
152            <intent-filter>
152-->[:expo-dev-launcher] AndroidManifest.xml:22:13-29:29
153                <action android:name="android.intent.action.VIEW" />
153-->src/main/AndroidManifest.xml:11:7-58
153-->src/main/AndroidManifest.xml:11:15-56
154
155                <category android:name="android.intent.category.DEFAULT" />
155-->src/main/AndroidManifest.xml:27:9-67
155-->src/main/AndroidManifest.xml:27:19-65
156                <category android:name="android.intent.category.BROWSABLE" />
156-->src/main/AndroidManifest.xml:12:7-67
156-->src/main/AndroidManifest.xml:12:17-65
157
158                <data android:scheme="expo-dev-launcher" />
158-->src/main/AndroidManifest.xml:13:7-37
158-->src/main/AndroidManifest.xml:13:13-35
159            </intent-filter>
160        </activity>
161        <activity
161-->[:expo-dev-launcher] AndroidManifest.xml:31:9-34:70
162            android:name="expo.modules.devlauncher.launcher.errors.DevLauncherErrorActivity"
162-->[:expo-dev-launcher] AndroidManifest.xml:32:13-93
163            android:screenOrientation="portrait"
163-->[:expo-dev-launcher] AndroidManifest.xml:33:13-49
164            android:theme="@style/Theme.DevLauncher.ErrorActivity" />
164-->[:expo-dev-launcher] AndroidManifest.xml:34:13-67
165
166        <meta-data
166-->[:expo-dev-launcher] AndroidManifest.xml:36:9-38:42
167            android:name="com.google.mlkit.vision.DEPENDENCIES"
167-->[:expo-dev-launcher] AndroidManifest.xml:37:13-64
168            android:value="barcode_ui" />
168-->[:expo-dev-launcher] AndroidManifest.xml:38:13-39
169        <meta-data
169-->[:expo-modules-core] AndroidManifest.xml:9:9-11:89
170            android:name="org.unimodules.core.AppLoader#react-native-headless"
170-->[:expo-modules-core] AndroidManifest.xml:10:13-79
171            android:value="expo.modules.adapters.react.apploader.RNHeadlessAppLoader" />
171-->[:expo-modules-core] AndroidManifest.xml:11:13-86
172        <meta-data
172-->[:expo-modules-core] AndroidManifest.xml:12:9-15:45
173            android:name="com.facebook.soloader.enabled"
173-->[:expo-modules-core] AndroidManifest.xml:13:13-57
174            android:value="true" />
174-->[:expo-modules-core] AndroidManifest.xml:14:13-33
175
176        <activity
176-->[com.facebook.react:react-android:0.81.5] AndroidManifest.xml:19:9-21:40
177            android:name="com.facebook.react.devsupport.DevSettingsActivity"
177-->[com.facebook.react:react-android:0.81.5] AndroidManifest.xml:20:13-77
178            android:exported="false" />
178-->[com.facebook.react:react-android:0.81.5] AndroidManifest.xml:21:13-37
179
180        <provider
180-->[host.exp.exponent:expo.modules.filesystem:19.0.17] AndroidManifest.xml:21:9-30:20
181            android:name="expo.modules.filesystem.FileSystemFileProvider"
181-->[host.exp.exponent:expo.modules.filesystem:19.0.17] AndroidManifest.xml:22:13-74
182            android:authorities="com.example.plantcompanion.FileSystemFileProvider"
182-->[host.exp.exponent:expo.modules.filesystem:19.0.17] AndroidManifest.xml:23:13-74
183            android:exported="false"
183-->[host.exp.exponent:expo.modules.filesystem:19.0.17] AndroidManifest.xml:24:13-37
184            android:grantUriPermissions="true" >
184-->[host.exp.exponent:expo.modules.filesystem:19.0.17] AndroidManifest.xml:25:13-47
185            <meta-data
185-->[host.exp.exponent:expo.modules.filesystem:19.0.17] AndroidManifest.xml:27:13-29:70
186                android:name="android.support.FILE_PROVIDER_PATHS"
186-->[host.exp.exponent:expo.modules.filesystem:19.0.17] AndroidManifest.xml:28:17-67
187                android:resource="@xml/file_system_provider_paths" />
187-->[host.exp.exponent:expo.modules.filesystem:19.0.17] AndroidManifest.xml:29:17-67
188        </provider>
189
190        <service
190-->[host.exp.exponent:expo.modules.imagepicker:17.0.10] AndroidManifest.xml:28:9-40:19
191            android:name="com.google.android.gms.metadata.ModuleDependencies"
191-->[host.exp.exponent:expo.modules.imagepicker:17.0.10] AndroidManifest.xml:29:13-78
192            android:enabled="false"
192-->[host.exp.exponent:expo.modules.imagepicker:17.0.10] AndroidManifest.xml:30:13-36
193            android:exported="false" >
193-->[host.exp.exponent:expo.modules.imagepicker:17.0.10] AndroidManifest.xml:31:13-37
194            <intent-filter>
194-->[host.exp.exponent:expo.modules.imagepicker:17.0.10] AndroidManifest.xml:33:13-35:29
195                <action android:name="com.google.android.gms.metadata.MODULE_DEPENDENCIES" />
195-->[host.exp.exponent:expo.modules.imagepicker:17.0.10] AndroidManifest.xml:34:17-94
195-->[host.exp.exponent:expo.modules.imagepicker:17.0.10] AndroidManifest.xml:34:25-91
196            </intent-filter>
197
198            <meta-data
198-->[host.exp.exponent:expo.modules.imagepicker:17.0.10] AndroidManifest.xml:37:13-39:36
199                android:name="photopicker_activity:0:required"
199-->[host.exp.exponent:expo.modules.imagepicker:17.0.10] AndroidManifest.xml:38:17-63
200                android:value="" />
200-->[host.exp.exponent:expo.modules.imagepicker:17.0.10] AndroidManifest.xml:39:17-33
201        </service>
202
203        <activity
203-->[host.exp.exponent:expo.modules.imagepicker:17.0.10] AndroidManifest.xml:42:9-46:48
204            android:name="expo.modules.imagepicker.ExpoCropImageActivity"
204-->[host.exp.exponent:expo.modules.imagepicker:17.0.10] AndroidManifest.xml:43:13-74
205            android:exported="false"
205-->[host.exp.exponent:expo.modules.imagepicker:17.0.10] AndroidManifest.xml:44:13-37
206            android:theme="@style/Base.Theme.AppCompat" /> <!-- https://developer.android.com/guide/topics/manifest/provider-element.html -->
206-->[host.exp.exponent:expo.modules.imagepicker:17.0.10] AndroidManifest.xml:45:13-56
207        <provider
207-->[host.exp.exponent:expo.modules.imagepicker:17.0.10] AndroidManifest.xml:48:9-56:20
208            android:name="expo.modules.imagepicker.fileprovider.ImagePickerFileProvider"
208-->[host.exp.exponent:expo.modules.imagepicker:17.0.10] AndroidManifest.xml:49:13-89
209            android:authorities="com.example.plantcompanion.ImagePickerFileProvider"
209-->[host.exp.exponent:expo.modules.imagepicker:17.0.10] AndroidManifest.xml:50:13-75
210            android:exported="false"
210-->[host.exp.exponent:expo.modules.imagepicker:17.0.10] AndroidManifest.xml:51:13-37
211            android:grantUriPermissions="true" >
211-->[host.exp.exponent:expo.modules.imagepicker:17.0.10] AndroidManifest.xml:52:13-47
212            <meta-data
212-->[host.exp.exponent:expo.modules.filesystem:19.0.17] AndroidManifest.xml:27:13-29:70
213                android:name="android.support.FILE_PROVIDER_PATHS"
213-->[host.exp.exponent:expo.modules.filesystem:19.0.17] AndroidManifest.xml:28:17-67
214                android:resource="@xml/image_picker_provider_paths" />
214-->[host.exp.exponent:expo.modules.filesystem:19.0.17] AndroidManifest.xml:29:17-67
215        </provider>
216
217        <service
217-->[host.exp.exponent:expo.modules.location:19.0.7] AndroidManifest.xml:11:9-14:56
218            android:name="expo.modules.location.services.LocationTaskService"
218-->[host.exp.exponent:expo.modules.location:19.0.7] AndroidManifest.xml:12:13-78
219            android:exported="false"
219-->[host.exp.exponent:expo.modules.location:19.0.7] AndroidManifest.xml:13:13-37
220            android:foregroundServiceType="location" />
220-->[host.exp.exponent:expo.modules.location:19.0.7] AndroidManifest.xml:14:13-53
221        <service
221-->[host.exp.exponent:expo.modules.notifications:0.32.15] AndroidManifest.xml:11:9-17:19
222            android:name="expo.modules.notifications.service.ExpoFirebaseMessagingService"
222-->[host.exp.exponent:expo.modules.notifications:0.32.15] AndroidManifest.xml:12:13-91
223            android:exported="false" >
223-->[host.exp.exponent:expo.modules.notifications:0.32.15] AndroidManifest.xml:13:13-37
224            <intent-filter android:priority="-1" >
224-->[host.exp.exponent:expo.modules.notifications:0.32.15] AndroidManifest.xml:14:13-16:29
224-->[host.exp.exponent:expo.modules.notifications:0.32.15] AndroidManifest.xml:14:28-49
225                <action android:name="com.google.firebase.MESSAGING_EVENT" />
225-->[host.exp.exponent:expo.modules.notifications:0.32.15] AndroidManifest.xml:15:17-78
225-->[host.exp.exponent:expo.modules.notifications:0.32.15] AndroidManifest.xml:15:25-75
226            </intent-filter>
227        </service>
228
229        <receiver
229-->[host.exp.exponent:expo.modules.notifications:0.32.15] AndroidManifest.xml:19:9-31:20
230            android:name="expo.modules.notifications.service.NotificationsService"
230-->[host.exp.exponent:expo.modules.notifications:0.32.15] AndroidManifest.xml:20:13-83
231            android:enabled="true"
231-->[host.exp.exponent:expo.modules.notifications:0.32.15] AndroidManifest.xml:21:13-35
232            android:exported="false" >
232-->[host.exp.exponent:expo.modules.notifications:0.32.15] AndroidManifest.xml:22:13-37
233            <intent-filter android:priority="-1" >
233-->[host.exp.exponent:expo.modules.notifications:0.32.15] AndroidManifest.xml:23:13-30:29
233-->[host.exp.exponent:expo.modules.notifications:0.32.15] AndroidManifest.xml:23:28-49
234                <action android:name="expo.modules.notifications.NOTIFICATION_EVENT" />
234-->[host.exp.exponent:expo.modules.notifications:0.32.15] AndroidManifest.xml:24:17-88
234-->[host.exp.exponent:expo.modules.notifications:0.32.15] AndroidManifest.xml:24:25-85
235                <action android:name="android.intent.action.BOOT_COMPLETED" />
235-->[host.exp.exponent:expo.modules.notifications:0.32.15] AndroidManifest.xml:25:17-79
235-->[host.exp.exponent:expo.modules.notifications:0.32.15] AndroidManifest.xml:25:25-76
236                <action android:name="android.intent.action.REBOOT" />
236-->[host.exp.exponent:expo.modules.notifications:0.32.15] AndroidManifest.xml:26:17-71
236-->[host.exp.exponent:expo.modules.notifications:0.32.15] AndroidManifest.xml:26:25-68
237                <action android:name="android.intent.action.QUICKBOOT_POWERON" />
237-->[host.exp.exponent:expo.modules.notifications:0.32.15] AndroidManifest.xml:27:17-82
237-->[host.exp.exponent:expo.modules.notifications:0.32.15] AndroidManifest.xml:27:25-79
238                <action android:name="com.htc.intent.action.QUICKBOOT_POWERON" />
238-->[host.exp.exponent:expo.modules.notifications:0.32.15] AndroidManifest.xml:28:17-82
238-->[host.exp.exponent:expo.modules.notifications:0.32.15] AndroidManifest.xml:28:25-79
239                <action android:name="android.intent.action.MY_PACKAGE_REPLACED" />
239-->[host.exp.exponent:expo.modules.notifications:0.32.15] AndroidManifest.xml:29:17-84
239-->[host.exp.exponent:expo.modules.notifications:0.32.15] AndroidManifest.xml:29:25-81
240            </intent-filter>
241        </receiver>
242
243        <activity
243-->[host.exp.exponent:expo.modules.notifications:0.32.15] AndroidManifest.xml:33:9-40:75
244            android:name="expo.modules.notifications.service.NotificationForwarderActivity"
244-->[host.exp.exponent:expo.modules.notifications:0.32.15] AndroidManifest.xml:34:13-92
245            android:excludeFromRecents="true"
245-->[host.exp.exponent:expo.modules.notifications:0.32.15] AndroidManifest.xml:35:13-46
246            android:exported="false"
246-->[host.exp.exponent:expo.modules.notifications:0.32.15] AndroidManifest.xml:36:13-37
247            android:launchMode="standard"
247-->[host.exp.exponent:expo.modules.notifications:0.32.15] AndroidManifest.xml:37:13-42
248            android:noHistory="true"
248-->[host.exp.exponent:expo.modules.notifications:0.32.15] AndroidManifest.xml:38:13-37
249            android:taskAffinity=""
249-->[host.exp.exponent:expo.modules.notifications:0.32.15] AndroidManifest.xml:39:13-36
250            android:theme="@android:style/Theme.Translucent.NoTitleBar" />
250-->[host.exp.exponent:expo.modules.notifications:0.32.15] AndroidManifest.xml:40:13-72
251
252        <receiver
252-->[com.google.firebase:firebase-messaging:24.0.1] AndroidManifest.xml:29:9-40:20
253            android:name="com.google.firebase.iid.FirebaseInstanceIdReceiver"
253-->[com.google.firebase:firebase-messaging:24.0.1] AndroidManifest.xml:30:13-78
254            android:exported="true"
254-->[com.google.firebase:firebase-messaging:24.0.1] AndroidManifest.xml:31:13-36
255            android:permission="com.google.android.c2dm.permission.SEND" >
255-->[com.google.firebase:firebase-messaging:24.0.1] AndroidManifest.xml:32:13-73
256            <intent-filter>